<?xml version="1.0" encoding="UTF-8"?>
<!-- Generated by org.testng.reporters.JUnitReportReporter -->
<testsuite skipped="0" hostname="NDI-LAP-723" name="jiraAPI.CreateBugAddCommentsTest" tests="1" failures="0" timestamp="26 Dec 2019 07:45:01 GMT" time="0.800" errors="0">
  <testcase name="CreateBugAndAddComments" time="0.800" classname="jiraAPI.CreateBugAddCommentsTest"/>
</testsuite> <!-- jiraAPI.CreateBugAddCommentsTest -->
