<?xml version="1.0" encoding="UTF-8"?>
<!-- Generated by org.testng.reporters.JUnitReportReporter -->
<testsuite skipped="0" hostname="NDI-LAP-723" name="com.RestAPI.com.canvas.RestAPI.findCompleteData" tests="1" failures="0" timestamp="14 Nov 2019 02:35:20 GMT" time="2.449" errors="0">
  <testcase name="testApi_1" time="2.449" classname="com.RestAPI.com.canvas.RestAPI.findCompleteData"/>
</testsuite> <!-- com.RestAPI.com.canvas.RestAPI.findCompleteData -->
