<?xml version="1.0" encoding="UTF-8"?>
<!-- Generated by org.testng.reporters.JUnitReportReporter -->
<testsuite skipped="0" hostname="NDI-LAP-723" name="com.RestAPI.com.canvas.RestAPI.RestAPIPractics" tests="2" failures="0" timestamp="19 Nov 2019 07:42:25 GMT" time="3.058" errors="0">
  <testcase name="testApi_1" time="2.386" classname="com.RestAPI.com.canvas.RestAPI.RestAPIPractics"/>
  <testcase name="testApi_2" time="0.672" classname="com.RestAPI.com.canvas.RestAPI.RestAPIPractics"/>
</testsuite> <!-- com.RestAPI.com.canvas.RestAPI.RestAPIPractics -->
