<?xml version="1.0" encoding="UTF-8"?>
<!-- Generated by org.testng.reporters.JUnitReportReporter -->
<testsuite skipped="0" hostname="NDI-LAP-723" name="jiraAPI.AddCommentsTest" tests="1" failures="0" timestamp="11 Dec 2019 13:46:22 GMT" time="6.048" errors="0">
  <testcase name="createBug" time="6.048" classname="jiraAPI.AddCommentsTest"/>
</testsuite> <!-- jiraAPI.AddCommentsTest -->
