<?xml version="1.0" encoding="UTF-8"?>
<!-- Generated by org.testng.reporters.JUnitReportReporter -->
<testsuite skipped="0" hostname="NDI-LAP-723" name="com.RestAPI.com.canvas.RestAPI.CreateAndDeleteRespose" tests="1" failures="0" timestamp="20 Nov 2019 08:03:15 GMT" time="1.727" errors="0">
  <testcase name="testApi_1" time="1.727" classname="com.RestAPI.com.canvas.RestAPI.CreateAndDeleteRespose"/>
</testsuite> <!-- com.RestAPI.com.canvas.RestAPI.CreateAndDeleteRespose -->
