<?xml version="1.0" encoding="UTF-8"?>
<!-- Generated by org.testng.reporters.JUnitReportReporter -->
<testsuite skipped="0" hostname="NDI-LAP-723" name="googleAPI.GoogleFindCompleteDataTest" tests="1" failures="0" timestamp="23 Dec 2019 17:34:43 GMT" time="1.142" errors="0">
  <testcase name="testApi_1" time="1.142" classname="googleAPI.GoogleFindCompleteDataTest"/>
</testsuite> <!-- googleAPI.GoogleFindCompleteDataTest -->
