<?xml version="1.0" encoding="UTF-8"?>
<!-- Generated by org.testng.reporters.JUnitReportReporter -->
<testsuite skipped="0" hostname="NDI-LAP-723" name="com.JiraApi.JiraApiCreateEditDeleteBug" tests="1" failures="0" timestamp="21 Nov 2019 07:21:08 GMT" time="1.608" errors="0">
  <testcase name="createBug" time="1.608" classname="com.JiraApi.JiraApiCreateEditDeleteBug"/>
</testsuite> <!-- com.JiraApi.JiraApiCreateEditDeleteBug -->
