<?xml version="1.0" encoding="UTF-8"?>
<!-- Generated by org.testng.reporters.JUnitReportReporter -->
<testsuite skipped="0" hostname="NDI-LAP-723" name="com.RestAPI.com.canvas.RestAPI.JiraApiCreateEditDeleteBug" tests="1" failures="0" timestamp="21 Nov 2019 10:35:39 GMT" time="1.880" errors="0">
  <testcase name="createBug" time="1.880" classname="com.RestAPI.com.canvas.RestAPI.JiraApiCreateEditDeleteBug"/>
</testsuite> <!-- com.RestAPI.com.canvas.RestAPI.JiraApiCreateEditDeleteBug -->
