<?xml version="1.0" encoding="UTF-8"?>
<!-- Generated by org.testng.reporters.JUnitReportReporter -->
<testsuite skipped="0" hostname="NDI-LAP-723" name="googleAPI.GoogleApiCreateAndDeleteResposeTest" tests="1" failures="0" timestamp="23 Dec 2019 17:34:43 GMT" time="0.272" errors="0">
  <testcase name="testApi_1" time="0.272" classname="googleAPI.GoogleApiCreateAndDeleteResposeTest"/>
</testsuite> <!-- googleAPI.GoogleApiCreateAndDeleteResposeTest -->
