<?xml version="1.0" encoding="UTF-8"?>
<!-- Generated by org.testng.reporters.JUnitReportReporter -->
<testsuite skipped="0" hostname="NDI-LAP-723" name="jiraAPI.JiraApiCreateEditDeleteBugTest" tests="1" failures="0" timestamp="11 Dec 2019 04:06:15 GMT" time="6.076" errors="0">
  <testcase name="createBug" time="6.076" classname="jiraAPI.JiraApiCreateEditDeleteBugTest"/>
</testsuite> <!-- jiraAPI.JiraApiCreateEditDeleteBugTest -->
