<?xml version="1.0" encoding="UTF-8"?>
<!-- Generated by org.testng.reporters.JUnitReportReporter -->
<testsuite skipped="0" hostname="NDI-LAP-723" name="jiraAPI.CreateEditDeleteBugTest" tests="1" failures="0" timestamp="26 Dec 2019 07:45:01 GMT" time="0.575" errors="0">
  <testcase name="CreateEditAndDeleteBugTest" time="0.575" classname="jiraAPI.CreateEditDeleteBugTest"/>
</testsuite> <!-- jiraAPI.CreateEditDeleteBugTest -->
