<?xml version="1.0" encoding="UTF-8"?>
<!-- Generated by org.testng.reporters.JUnitReportReporter -->
<testsuite skipped="0" hostname="NDI-LAP-723" name="com.RestAPI.com.canvas.RestAPI.JiraApiCreateBugs" tests="1" failures="0" timestamp="20 Nov 2019 15:37:09 GMT" time="6.922" errors="0">
  <testcase name="createBug" time="6.922" classname="com.RestAPI.com.canvas.RestAPI.JiraApiCreateBugs"/>
</testsuite> <!-- com.RestAPI.com.canvas.RestAPI.JiraApiCreateBugs -->
