<?xml version="1.0" encoding="UTF-8"?>
<!-- Generated by org.testng.reporters.JUnitReportReporter -->
<testsuite skipped="0" hostname="NDI-LAP-723" name="com.RestAPI.com.canvas.RestAPI.CreateAndDeleteResposeTest" tests="1" failures="0" timestamp="21 Nov 2019 15:59:22 GMT" time="0.604" errors="0">
  <testcase name="testApi_1" time="0.604" classname="com.RestAPI.com.canvas.RestAPI.CreateAndDeleteResposeTest"/>
</testsuite> <!-- com.RestAPI.com.canvas.RestAPI.CreateAndDeleteResposeTest -->
