<?xml version="1.0" encoding="UTF-8"?>
<!-- Generated by org.testng.reporters.JUnitReportReporter -->
<testsuite hostname="NDI-LAP-723" name="jiraAPI.AddEditDeleteComponent" tests="1" failures="0" timestamp="17 Dec 2019 08:50:16 GMT" time="0.188" errors="0">
  <testcase name="createComponent" time="0.188" classname="jiraAPI.AddEditDeleteComponent"/>
</testsuite>
