<?xml version="1.0" encoding="UTF-8"?>
<!-- Generated by org.testng.reporters.JUnitReportReporter -->
<testsuite skipped="0" hostname="NDI-LAP-723" name="com.RestAPI.com.canvas.RestAPI.JiraApiCreateEditDeleteBugTest" tests="1" failures="0" timestamp="22 Nov 2019 08:49:10 GMT" time="0.319" errors="0">
  <testcase name="createBug" time="0.319" classname="com.RestAPI.com.canvas.RestAPI.JiraApiCreateEditDeleteBugTest"/>
</testsuite> <!-- com.RestAPI.com.canvas.RestAPI.JiraApiCreateEditDeleteBugTest -->
